<?xml version="1.0" encoding="UTF-8"?>
<!-- Generated by org.testng.reporters.JUnitReportReporter -->
<testsuite hostname="SSI-LAPTOP-02" failures="0" tests="2" name="com.bocw.testcases.TC_Bocw_Login" time="9.672" errors="0" timestamp="2024-12-16T16:52:21 IST" skipped="1">
  <testcase classname="com.bocw.testcases.TC_Bocw_Login" name="LoginToSite" time="9.672"/>
  <testcase classname="com.bocw.testcases.TC_Bocw_Login" name="VerifyPageTitleTest">
    <skipped/>
  </testcase> <!-- VerifyPageTitleTest -->
</testsuite> <!-- com.bocw.testcases.TC_Bocw_Login -->
